<?xml version="1.0" encoding="UTF-8"?>
<testsuite xmlns:xsi="http://www.w3.org/2001/XMLSchema-instance" xsi:noNamespaceSchemaLocation="https://maven.apache.org/surefire/maven-surefire-plugin/xsd/surefire-test-report-3.0.xsd" version="3.0" name="InjectedTest" time="5.376" tests="3" errors="0" skipped="0" failures="0">
  <properties>
    <property name="java.specification.version" value="17"/>
    <property name="sun.jnu.encoding" value="UTF-8"/>
    <property name="java.class.path" value="/home/ngochung1809/Downloads/jenkins-automation/project-cicd/target/test-classes:/home/ngochung1809/Downloads/jenkins-automation/project-cicd/target/classes:/home/ngochung1809/.m2/repository/org/codehaus/groovy/groovy-json/3.0.8/groovy-json-3.0.8.jar:/home/ngochung1809/.m2/repository/org/codehaus/groovy/groovy/3.0.8/groovy-3.0.8.jar:/home/ngochung1809/.m2/repository/org/jenkins-ci/plugins/docker-commons/419.v8e3cd84ef49c/docker-commons-419.v8e3cd84ef49c.jar:/home/ngochung1809/.m2/repository/org/jenkins-ci/plugins/credentials/1189.vf61b_a_5e2f62e/credentials-1189.vf61b_a_5e2f62e.jar:/home/ngochung1809/.m2/repository/org/antlr/antlr4-runtime/4.11.1/antlr4-runtime-4.11.1.jar:/home/ngochung1809/.m2/repository/org/jenkins-ci/plugins/authentication-tokens/1.4/authentication-tokens-1.4.jar:/home/ngochung1809/.m2/repository/org/jenkins-ci/plugins/structs/324.va_f5d6774f3a_d/structs-324.va_f5d6774f3a_d.jar:/home/ngochung1809/.m2/repository/org/jenkins-ci/plugins/workflow/workflow-cps/3659.v582dc37621d8/workflow-cps-3659.v582dc37621d8.jar:/home/ngochung1809/.m2/repository/io/jenkins/plugins/ionicons-api/45.vf54fca_5d2154/ionicons-api-45.vf54fca_5d2154.jar:/home/ngochung1809/.m2/repository/org/jenkins-ci/plugins/workflow/workflow-api/1213.v646def1087f9/workflow-api-1213.v646def1087f9.jar:/home/ngochung1809/.m2/repository/org/jenkins-ci/plugins/workflow/workflow-support/839.v35e2736cfd5c/workflow-support-839.v35e2736cfd5c.jar:/home/ngochung1809/.m2/repository/org/jenkins-ci/plugins/workflow/workflow-scm-step/408.v7d5b_135a_b_d49/workflow-scm-step-408.v7d5b_135a_b_d49.jar:/home/ngochung1809/.m2/repository/org/jenkins-ci/plugins/script-security/1244.ve463715a_f89c/script-security-1244.ve463715a_f89c.jar:/home/ngochung1809/.m2/repository/org/kohsuke/groovy-sandbox/1.33/groovy-sandbox-1.33.jar:/home/ngochung1809/.m2/repository/org/jenkins-ci/plugins/scm-api/672.v64378a_b_20c60/scm-api-672.v64378a_b_20c60.jar:/home/ngochung1809/.m2/repository/com/cloudbees/groovy-cps/3659.v582dc37621d8/groovy-cps-3659.v582dc37621d8.jar:/home/ngochung1809/.m2/repository/com/cloudbees/diff4j/1.3/diff4j-1.3.jar:/home/ngochung1809/.m2/repository/org/jenkins-ci/plugins/workflow/workflow-durable-task-step/1246.v5524618ea_097/workflow-durable-task-step-1246.v5524618ea_097.jar:/home/ngochung1809/.m2/repository/org/jenkins-ci/plugins/durable-task/507.v050055d0cb_dd/durable-task-507.v050055d0cb_dd.jar:/home/ngochung1809/.m2/repository/io/jenkins/plugins/lib-durable-task/40.vc66cf8fb_4613/lib-durable-task-40.vc66cf8fb_4613.jar:/home/ngochung1809/.m2/repository/org/jenkins-ci/plugins/workflow/workflow-basic-steps/1017.vb_45b_302f0cea_/workflow-basic-steps-1017.vb_45b_302f0cea_.jar:/home/ngochung1809/.m2/repository/org/jenkins-ci/plugins/mailer/448.v5b_97805e3767/mailer-448.v5b_97805e3767.jar:/home/ngochung1809/.m2/repository/org/jenkins-ci/plugins/display-url-api/2.3.7/display-url-api-2.3.7.jar:/home/ngochung1809/.m2/repository/org/jenkins-ci/modules/instance-identity/142.v04572ca_5b_265/instance-identity-142.v04572ca_5b_265.jar:/home/ngochung1809/.m2/repository/org/jenkins-ci/plugins/bouncycastle-api/2.27/bouncycastle-api-2.27.jar:/home/ngochung1809/.m2/repository/org/bouncycastle/bcpkix-jdk18on/1.72/bcpkix-jdk18on-1.72.jar:/home/ngochung1809/.m2/repository/org/bouncycastle/bcprov-jdk18on/1.72/bcprov-jdk18on-1.72.jar:/home/ngochung1809/.m2/repository/org/bouncycastle/bcutil-jdk18on/1.72/bcutil-jdk18on-1.72.jar:/home/ngochung1809/.m2/repository/org/jenkins-ci/plugins/apache-httpcomponents-client-4-api/4.5.14-150.v7a_b_9d17134a_5/apache-httpcomponents-client-4-api-4.5.14-150.v7a_b_9d17134a_5.jar:/home/ngochung1809/.m2/repository/org/apache/httpcomponents/httpcore/4.4.16/httpcore-4.4.16.jar:/home/ngochung1809/.m2/repository/org/apache/httpcomponents/httpcore-nio/4.4.16/httpcore-nio-4.4.16.jar:/home/ngochung1809/.m2/repository/org/apache/httpcomponents/httpclient/4.5.14/httpclient-4.5.14.jar:/home/ngochung1809/.m2/repository/org/apache/httpcomponents/httpmime/4.5.14/httpmime-4.5.14.jar:/home/ngochung1809/.m2/repository/org/apache/httpcomponents/fluent-hc/4.5.14/fluent-hc-4.5.14.jar:/home/ngochung1809/.m2/repository/org/apache/httpcomponents/httpclient-cache/4.5.14/httpclient-cache-4.5.14.jar:/home/ngochung1809/.m2/repository/org/apache/httpcomponents/httpasyncclient/4.1.5/httpasyncclient-4.1.5.jar:/home/ngochung1809/.m2/repository/org/apache/httpcomponents/httpasyncclient-cache/4.1.5/httpasyncclient-cache-4.1.5.jar:/home/ngochung1809/.m2/repository/io/jenkins/plugins/jakarta-mail-api/2.0.1-3/jakarta-mail-api-2.0.1-3.jar:/home/ngochung1809/.m2/repository/com/sun/mail/jakarta.mail/2.0.1/jakarta.mail-2.0.1.jar:/home/ngochung1809/.m2/repository/io/jenkins/plugins/jakarta-activation-api/2.0.1-3/jakarta-activation-api-2.0.1-3.jar:/home/ngochung1809/.m2/repository/com/sun/activation/jakarta.activation/2.0.1/jakarta.activation-2.0.1.jar:/home/ngochung1809/.m2/repository/org/jenkins-ci/plugins/workflow/workflow-step-api/639.v6eca_cd8c04a_a_/workflow-step-api-639.v6eca_cd8c04a_a_.jar:/home/ngochung1809/.m2/repository/org/jenkins-ci/plugins/cloudbees-folder/6.758.vfd75d09eea_a_1/cloudbees-folder-6.758.vfd75d09eea_a_1.jar:/home/ngochung1809/.m2/repository/org/jenkins-ci/plugins/workflow/workflow-step-api/639.v6eca_cd8c04a_a_/workflow-step-api-639.v6eca_cd8c04a_a_-tests.jar:/home/ngochung1809/.m2/repository/org/jenkins-ci/plugins/workflow/workflow-support/839.v35e2736cfd5c/workflow-support-839.v35e2736cfd5c-tests.jar:/home/ngochung1809/.m2/repository/io/jenkins/plugins/caffeine-api/3.1.6-115.vb_8b_b_328e59d8/caffeine-api-3.1.6-115.vb_8b_b_328e59d8.jar:/home/ngochung1809/.m2/repository/com/github/ben-manes/caffeine/caffeine/3.1.6/caffeine-3.1.6.jar:/home/ngochung1809/.m2/repository/org/jboss/marshalling/jboss-marshalling-river/2.1.0.Final/jboss-marshalling-river-2.1.0.Final.jar:/home/ngochung1809/.m2/repository/org/jboss/marshalling/jboss-marshalling/2.1.0.Final/jboss-marshalling-2.1.0.Final.jar:/home/ngochung1809/.m2/repository/org/jenkins-ci/plugins/workflow/workflow-cps/3659.v582dc37621d8/workflow-cps-3659.v582dc37621d8-tests.jar:/home/ngochung1809/.m2/repository/org/jenkins-ci/plugins/workflow/workflow-job/1295.v395eb_7400005/workflow-job-1295.v395eb_7400005.jar:/home/ngochung1809/.m2/repository/org/jenkins-ci/plugins/credentials-binding/604.vb_64480b_c56ca_/credentials-binding-604.vb_64480b_c56ca_.jar:/home/ngochung1809/.m2/repository/org/jenkins-ci/plugins/plain-credentials/143.v1b_df8b_d3b_e48/plain-credentials-143.v1b_df8b_d3b_e48.jar:/home/ngochung1809/.m2/repository/org/jenkins-ci/plugins/ssh-credentials/305.v8f4381501156/ssh-credentials-305.v8f4381501156.jar:/home/ngochung1809/.m2/repository/org/jenkins-ci/plugins/trilead-api/2.84.v72119de229b_7/trilead-api-2.84.v72119de229b_7.jar:/home/ngochung1809/.m2/repository/org/jenkins-ci/trilead-ssh2/build-217-jenkins-247.v708a_8b_14f4b_a/trilead-ssh2-build-217-jenkins-247.v708a_8b_14f4b_a.jar:/home/ngochung1809/.m2/repository/net/i2p/crypto/eddsa/0.3.0/eddsa-0.3.0.jar:/home/ngochung1809/.m2/repository/com/google/crypto/tink/tink/1.7.0/tink-1.7.0.jar:/home/ngochung1809/.m2/repository/org/kohsuke/trilead-putty-extension/1.2/trilead-putty-extension-1.2.jar:/home/ngochung1809/.m2/repository/org/jenkins-ci/plugins/config-file-provider/938.ve2b_8a_591c596/config-file-provider-938.ve2b_8a_591c596.jar:/home/ngochung1809/.m2/repository/org/jenkins-ci/plugins/token-macro/359.vb_cde11682e0c/token-macro-359.vb_cde11682e0c.jar:/home/ngochung1809/.m2/repository/com/jayway/jsonpath/json-path/2.8.0/json-path-2.8.0.jar:/home/ngochung1809/.m2/repository/net/minidev/json-smart/2.4.10/json-smart-2.4.10.jar:/home/ngochung1809/.m2/repository/net/minidev/accessors-smart/2.4.9/accessors-smart-2.4.9.jar:/home/ngochung1809/.m2/repository/org/jenkinsci/plugins/pipeline-model-definition/2.2131.vb_9788088fdb_5/pipeline-model-definition-2.2131.vb_9788088fdb_5.jar:/home/ngochung1809/.m2/repository/org/jenkinsci/plugins/pipeline-model-api/2.2131.vb_9788088fdb_5/pipeline-model-api-2.2131.vb_9788088fdb_5.jar:/home/ngochung1809/.m2/repository/org/jenkins-ci/plugins/jackson2-api/2.15.1-344.v6eb_55303dc3e/jackson2-api-2.15.1-344.v6eb_55303dc3e.jar:/home/ngochung1809/.m2/repository/com/fasterxml/jackson/core/jackson-databind/2.15.1/jackson-databind-2.15.1.jar:/home/ngochung1809/.m2/repository/com/fasterxml/jackson/datatype/jackson-datatype-jsr310/2.15.1/jackson-datatype-jsr310-2.15.1.jar:/home/ngochung1809/.m2/repository/com/fasterxml/jackson/datatype/jackson-datatype-jdk8/2.15.1/jackson-datatype-jdk8-2.15.1.jar:/home/ngochung1809/.m2/repository/com/fasterxml/jackson/datatype/jackson-datatype-json-org/2.15.1/jackson-datatype-json-org-2.15.1.jar:/home/ngochung1809/.m2/repository/org/json/json/20230227/json-20230227.jar:/home/ngochung1809/.m2/repository/com/fasterxml/jackson/module/jackson-module-parameter-names/2.15.1/jackson-module-parameter-names-2.15.1.jar:/home/ngochung1809/.m2/repository/com/fasterxml/jackson/core/jackson-core/2.15.1/jackson-core-2.15.1.jar:/home/ngochung1809/.m2/repository/com/fasterxml/jackson/core/jackson-annotations/2.15.1/jackson-annotations-2.15.1.jar:/home/ngochung1809/.m2/repository/com/fasterxml/jackson/module/jackson-module-jaxb-annotations/2.15.1/jackson-module-jaxb-annotations-2.15.1.jar:/home/ngochung1809/.m2/repository/com/fasterxml/jackson/dataformat/jackson-dataformat-cbor/2.15.1/jackson-dataformat-cbor-2.15.1.jar:/home/ngochung1809/.m2/repository/com/fasterxml/jackson/dataformat/jackson-dataformat-xml/2.15.1/jackson-dataformat-xml-2.15.1.jar:/home/ngochung1809/.m2/repository/org/codehaus/woodstox/stax2-api/4.2.1/stax2-api-4.2.1.jar:/home/ngochung1809/.m2/repository/com/fasterxml/woodstox/woodstox-core/6.5.1/woodstox-core-6.5.1.jar:/home/ngochung1809/.m2/repository/com/fasterxml/jackson/dataformat/jackson-dataformat-yaml/2.15.1/jackson-dataformat-yaml-2.15.1.jar:/home/ngochung1809/.m2/repository/io/jenkins/plugins/javax-activation-api/1.2.0-6/javax-activation-api-1.2.0-6.jar:/home/ngochung1809/.m2/repository/com/sun/activation/javax.activation/1.2.0/javax.activation-1.2.0.jar:/home/ngochung1809/.m2/repository/io/jenkins/plugins/jaxb/2.3.8-1/jaxb-2.3.8-1.jar:/home/ngochung1809/.m2/repository/com/sun/xml/bind/jaxb-impl/2.3.8/jaxb-impl-2.3.8.jar:/home/ngochung1809/.m2/repository/javax/xml/bind/jaxb-api/2.3.1/jaxb-api-2.3.1.jar:/home/ngochung1809/.m2/repository/io/jenkins/plugins/snakeyaml-api/1.33-95.va_b_a_e3e47b_fa_4/snakeyaml-api-1.33-95.va_b_a_e3e47b_fa_4.jar:/home/ngochung1809/.m2/repository/org/yaml/snakeyaml/1.33/snakeyaml-1.33.jar:/home/ngochung1809/.m2/repository/com/github/java-json-tools/json-schema-validator/2.2.14/json-schema-validator-2.2.14.jar:/home/ngochung1809/.m2/repository/com/github/java-json-tools/jackson-coreutils-equivalence/1.0/jackson-coreutils-equivalence-1.0.jar:/home/ngochung1809/.m2/repository/com/github/java-json-tools/jackson-coreutils/2.0/jackson-coreutils-2.0.jar:/home/ngochung1809/.m2/repository/com/github/java-json-tools/msg-simple/1.2/msg-simple-1.2.jar:/home/ngochung1809/.m2/repository/com/github/java-json-tools/btf/1.3/btf-1.3.jar:/home/ngochung1809/.m2/repository/com/github/java-json-tools/json-schema-core/1.2.14/json-schema-core-1.2.14.jar:/home/ngochung1809/.m2/repository/com/github/java-json-tools/uri-template/0.10/uri-template-0.10.jar:/home/ngochung1809/.m2/repository/org/mozilla/rhino/1.7.7.2/rhino-1.7.7.2.jar:/home/ngochung1809/.m2/repository/com/sun/mail/mailapi/1.6.2/mailapi-1.6.2.jar:/home/ngochung1809/.m2/repository/joda-time/joda-time/2.10.5/joda-time-2.10.5.jar:/home/ngochung1809/.m2/repository/com/googlecode/libphonenumber/libphonenumber/8.11.1/libphonenumber-8.11.1.jar:/home/ngochung1809/.m2/repository/org/jenkinsci/plugins/pipeline-model-extensions/2.2131.vb_9788088fdb_5/pipeline-model-extensions-2.2131.vb_9788088fdb_5.jar:/home/ngochung1809/.m2/repository/org/jenkinsci/plugins/pipeline-stage-tags-metadata/2.2131.vb_9788088fdb_5/pipeline-stage-tags-metadata-2.2131.vb_9788088fdb_5.jar:/home/ngochung1809/.m2/repository/org/jenkins-ci/plugins/workflow/workflow-multibranch/746.v05814d19c001/workflow-multibranch-746.v05814d19c001.jar:/home/ngochung1809/.m2/repository/org/jenkins-ci/plugins/branch-api/2.1092.vda_3c2a_a_f0c11/branch-api-2.1092.vda_3c2a_a_f0c11.jar:/home/ngochung1809/.m2/repository/org/jenkins-ci/plugins/pipeline-stage-step/305.ve96d0205c1c6/pipeline-stage-step-305.ve96d0205c1c6.jar:/home/ngochung1809/.m2/repository/io/jenkins/plugins/pipeline-groovy-lib/656.va_a_ceeb_6ffb_f7/pipeline-groovy-lib-656.va_a_ceeb_6ffb_f7.jar:/home/ngochung1809/.m2/repository/org/apache/ivy/ivy/2.5.1/ivy-2.5.1.jar:/home/ngochung1809/.m2/repository/org/jenkins-ci/plugins/variant/59.vf075fe829ccb/variant-59.vf075fe829ccb.jar:/home/ngochung1809/.m2/repository/org/jenkins-ci/plugins/git-client/4.2.0/git-client-4.2.0.jar:/home/ngochung1809/.m2/repository/io/jenkins/plugins/mina-sshd-api/mina-sshd-api-common/2.10.0-69.v28e3e36d18eb_/mina-sshd-api-common-2.10.0-69.v28e3e36d18eb_.jar:/home/ngochung1809/.m2/repository/org/apache/sshd/sshd-common/2.10.0/sshd-common-2.10.0.jar:/home/ngochung1809/.m2/repository/io/jenkins/plugins/mina-sshd-api/mina-sshd-api-core/2.10.0-69.v28e3e36d18eb_/mina-sshd-api-core-2.10.0-69.v28e3e36d18eb_.jar:/home/ngochung1809/.m2/repository/org/apache/sshd/sshd-core/2.10.0/sshd-core-2.10.0.jar:/home/ngochung1809/.m2/repository/org/eclipse/jgit/org.eclipse.jgit/6.5.0.202303070854-r/org.eclipse.jgit-6.5.0.202303070854-r.jar:/home/ngochung1809/.m2/repository/com/googlecode/javaewah/JavaEWAH/1.1.13/JavaEWAH-1.1.13.jar:/home/ngochung1809/.m2/repository/org/eclipse/jgit/org.eclipse.jgit.http.server/6.5.0.202303070854-r/org.eclipse.jgit.http.server-6.5.0.202303070854-r.jar:/home/ngochung1809/.m2/repository/org/eclipse/jgit/org.eclipse.jgit.http.apache/6.5.0.202303070854-r/org.eclipse.jgit.http.apache-6.5.0.202303070854-r.jar:/home/ngochung1809/.m2/repository/org/eclipse/jgit/org.eclipse.jgit.lfs/6.5.0.202303070854-r/org.eclipse.jgit.lfs-6.5.0.202303070854-r.jar:/home/ngochung1809/.m2/repository/com/google/code/gson/gson/2.10.1/gson-2.10.1.jar:/home/ngochung1809/.m2/repository/org/eclipse/jgit/org.eclipse.jgit.ssh.apache/6.5.0.202303070854-r/org.eclipse.jgit.ssh.apache-6.5.0.202303070854-r.jar:/home/ngochung1809/.m2/repository/org/jenkins-ci/plugins/pipeline-input-step/468.va_5db_051498a_4/pipeline-input-step-468.va_5db_051498a_4.jar:/home/ngochung1809/.m2/repository/org/jenkins-ci/plugins/scm-api/672.v64378a_b_20c60/scm-api-672.v64378a_b_20c60-tests.jar:/home/ngochung1809/.m2/repository/org/jenkins-ci/plugins/git/5.0.2/git-5.0.2.jar:/home/ngochung1809/.m2/repository/org/jenkins-ci/plugins/git/5.0.2/git-5.0.2-tests.jar:/home/ngochung1809/.m2/repository/org/jenkinsci/plugins/pipeline-model-definition/2.2131.vb_9788088fdb_5/pipeline-model-definition-2.2131.vb_9788088fdb_5-tests.jar:/home/ngochung1809/.m2/repository/org/jenkins-ci/main/jenkins-test-harness-tools/2.2/jenkins-test-harness-tools-2.2.jar:/home/ngochung1809/.m2/repository/org/jenkins-ci/plugins/ant/487.vd79d090d4ea_e/ant-487.vd79d090d4ea_e.jar:/home/ngochung1809/.m2/repository/org/jenkins-ci/plugins/gradle/1.24/gradle-1.24.jar:/home/ngochung1809/.m2/repository/org/jenkins-ci/lib/dry-run-lib/0.1/dry-run-lib-0.1.jar:/home/ngochung1809/.m2/repository/org/jenkins-ci/plugins/matrix-project/789.v57a_725b_63c79/matrix-project-789.v57a_725b_63c79.jar:/home/ngochung1809/.m2/repository/org/jenkins-ci/plugins/junit/1202.v79a_986785076/junit-1202.v79a_986785076.jar:/home/ngochung1809/.m2/repository/io/jenkins/plugins/echarts-api/5.4.0-1/echarts-api-5.4.0-1.jar:/home/ngochung1809/.m2/repository/io/jenkins/plugins/font-awesome-api/6.2.1-1/font-awesome-api-6.2.1-1.jar:/home/ngochung1809/.m2/repository/io/jenkins/plugins/jquery3-api/3.6.1-2/jquery3-api-3.6.1-2.jar:/home/ngochung1809/.m2/repository/org/eclipse/collections/eclipse-collections-api/9.2.0/eclipse-collections-api-9.2.0.jar:/home/ngochung1809/.m2/repository/org/eclipse/collections/eclipse-collections/9.2.0/eclipse-collections-9.2.0.jar:/home/ngochung1809/.m2/repository/io/jenkins/plugins/checks-api/1.8.1/checks-api-1.8.1.jar:/home/ngochung1809/.m2/repository/io/jenkins/plugins/commons-lang3-api/3.12.0-36.vd97de6465d5b_/commons-lang3-api-3.12.0-36.vd97de6465d5b_.jar:/home/ngochung1809/.m2/repository/io/jenkins/plugins/commons-text-api/1.10.0-36.vc008c8fcda_7b_/commons-text-api-1.10.0-36.vc008c8fcda_7b_.jar:/home/ngochung1809/.m2/repository/io/jenkins/plugins/plugin-util-api/2.20.0/plugin-util-api-2.20.0.jar:/home/ngochung1809/.m2/repository/io/jenkins/plugins/bootstrap5-api/5.2.1-3/bootstrap5-api-5.2.1-3.jar:/home/ngochung1809/.m2/repository/io/jenkins/plugins/popper2-api/2.11.6-2/popper2-api-2.11.6-2.jar:/home/ngochung1809/.m2/repository/org/jenkins-ci/main/jenkins-core/2.361.4/jenkins-core-2.361.4.jar:/home/ngochung1809/.m2/repository/org/jenkins-ci/main/cli/2.361.4/cli-2.361.4.jar:/home/ngochung1809/.m2/repository/org/jenkins-ci/main/remoting/3044.vb_940a_a_e4f72e/remoting-3044.vb_940a_a_e4f72e.jar:/home/ngochung1809/.m2/repository/antlr/antlr/2.7.7/antlr-2.7.7.jar:/home/ngochung1809/.m2/repository/args4j/args4j/2.33/args4j-2.33.jar:/home/ngochung1809/.m2/repository/com/github/spotbugs/spotbugs-annotations/4.7.1/spotbugs-annotations-4.7.1.jar:/home/ngochung1809/.m2/repository/com/google/guava/guava/31.1-jre/guava-31.1-jre.jar:/home/ngochung1809/.m2/repository/com/google/guava/failureaccess/1.0.1/failureaccess-1.0.1.jar:/home/ngochung1809/.m2/repository/com/google/guava/listenablefuture/9999.0-empty-to-avoid-conflict-with-guava/listenablefuture-9999.0-empty-to-avoid-conflict-with-guava.jar:/home/ngochung1809/.m2/repository/com/google/code/findbugs/jsr305/3.0.1/jsr305-3.0.1.jar:/home/ngochung1809/.m2/repository/com/google/inject/guice/5.0.1/guice-5.0.1.jar:/home/ngochung1809/.m2/repository/javax/inject/javax.inject/1/javax.inject-1.jar:/home/ngochung1809/.m2/repository/com/infradna/tool/bridge-method-annotation/1.23/bridge-method-annotation-1.23.jar:/home/ngochung1809/.m2/repository/com/jcraft/jzlib/1.1.3-kohsuke-1/jzlib-1.1.3-kohsuke-1.jar:/home/ngochung1809/.m2/repository/com/sun/solaris/embedded_su4j/1.1/embedded_su4j-1.1.jar:/home/ngochung1809/.m2/repository/com/sun/xml/txw2/txw2/20110809/txw2-20110809.jar:/home/ngochung1809/.m2/repository/relaxngDatatype/relaxngDatatype/20020414/relaxngDatatype-20020414.jar:/home/ngochung1809/.m2/repository/com/thoughtworks/xstream/xstream/1.4.19/xstream-1.4.19.jar:/home/ngochung1809/.m2/repository/io/github/x-stream/mxparser/1.2.2/mxparser-1.2.2.jar:/home/ngochung1809/.m2/repository/commons-beanutils/commons-beanutils/1.9.4/commons-beanutils-1.9.4.jar:/home/ngochung1809/.m2/repository/commons-codec/commons-codec/1.15/commons-codec-1.15.jar:/home/ngochung1809/.m2/repository/commons-collections/commons-collections/3.2.2/commons-collections-3.2.2.jar:/home/ngochung1809/.m2/repository/commons-fileupload/commons-fileupload/1.4/commons-fileupload-1.4.jar:/home/ngochung1809/.m2/repository/commons-httpclient/commons-httpclient/3.1-jenkins-3/commons-httpclient-3.1-jenkins-3.jar:/home/ngochung1809/.m2/repository/commons-io/commons-io/2.11.0/commons-io-2.11.0.jar:/home/ngochung1809/.m2/repository/commons-jelly/commons-jelly-tags-fmt/1.0/commons-jelly-tags-fmt-1.0.jar:/home/ngochung1809/.m2/repository/commons-jelly/commons-jelly-tags-xml/1.1/commons-jelly-tags-xml-1.1.jar:/home/ngochung1809/.m2/repository/commons-lang/commons-lang/2.6/commons-lang-2.6.jar:/home/ngochung1809/.m2/repository/io/jenkins/stapler/jenkins-stapler-support/1.1/jenkins-stapler-support-1.1.jar:/home/ngochung1809/.m2/repository/jakarta/servlet/jsp/jstl/jakarta.servlet.jsp.jstl-api/1.2.7/jakarta.servlet.jsp.jstl-api-1.2.7.jar:/home/ngochung1809/.m2/repository/jaxen/jaxen/1.2.0/jaxen-1.2.0.jar:/home/ngochung1809/.m2/repository/jline/jline/2.14.6/jline-2.14.6.jar:/home/ngochung1809/.m2/repository/net/java/dev/jna/jna/5.12.1/jna-5.12.1.jar:/home/ngochung1809/.m2/repository/net/java/sezpoz/sezpoz/1.13/sezpoz-1.13.jar:/home/ngochung1809/.m2/repository/net/jcip/jcip-annotations/1.0/jcip-annotations-1.0.jar:/home/ngochung1809/.m2/repository/net/sf/kxml/kxml2/2.3.0/kxml2-2.3.0.jar:/home/ngochung1809/.m2/repository/org/apache/ant/ant/1.10.12/ant-1.10.12.jar:/home/ngochung1809/.m2/repository/org/apache/ant/ant-launcher/1.10.12/ant-launcher-1.10.12.jar:/home/ngochung1809/.m2/repository/org/apache/commons/commons-compress/1.21/commons-compress-1.21.jar:/home/ngochung1809/.m2/repository/org/codehaus/groovy/groovy-all/2.4.21/groovy-all-2.4.21.jar:/home/ngochung1809/.m2/repository/org/connectbot/jbcrypt/jbcrypt/1.0.0/jbcrypt-1.0.0.jar:/home/ngochung1809/.m2/repository/org/fusesource/jansi/jansi/1.11/jansi-1.11.jar:/home/ngochung1809/.m2/repository/org/jenkins-ci/annotation-indexer/1.16/annotation-indexer-1.16.jar:/home/ngochung1809/.m2/repository/org/jenkins-ci/commons-jexl/1.1-jenkins-20111212/commons-jexl-1.1-jenkins-20111212.jar:/home/ngochung1809/.m2/repository/org/jenkins-ci/crypto-util/1.7/crypto-util-1.7.jar:/home/ngochung1809/.m2/repository/org/jenkins-ci/memory-monitor/1.11/memory-monitor-1.11.jar:/home/ngochung1809/.m2/repository/org/jenkins-ci/symbol-annotation/1.23/symbol-annotation-1.23.jar:/home/ngochung1809/.m2/repository/org/jenkins-ci/task-reactor/1.7/task-reactor-1.7.jar:/home/ngochung1809/.m2/repository/org/jenkins-ci/version-number/1.10/version-number-1.10.jar:/home/ngochung1809/.m2/repository/org/jenkins-ci/main/websocket-spi/2.361.4/websocket-spi-2.361.4.jar:/home/ngochung1809/.m2/repository/org/jfree/jfreechart/1.0.19/jfreechart-1.0.19.jar:/home/ngochung1809/.m2/repository/org/jfree/jcommon/1.0.23/jcommon-1.0.23.jar:/home/ngochung1809/.m2/repository/org/jvnet/hudson/commons-jelly-tags-define/1.0.1-hudson-20071021/commons-jelly-tags-define-1.0.1-hudson-20071021.jar:/home/ngochung1809/.m2/repository/org/jvnet/localizer/localizer/1.31/localizer-1.31.jar:/home/ngochung1809/.m2/repository/org/jvnet/robust-http-client/robust-http-client/1.2/robust-http-client-1.2.jar:/home/ngochung1809/.m2/repository/org/jvnet/winp/winp/1.28/winp-1.28.jar:/home/ngochung1809/.m2/repository/org/kohsuke/access-modifier-annotation/1.27/access-modifier-annotation-1.27.jar:/home/ngochung1809/.m2/repository/org/kohsuke/windows-package-checker/1.2/windows-package-checker-1.2.jar:/home/ngochung1809/.m2/repository/org/kohsuke/jinterop/j-interop/2.0.8-kohsuke-1/j-interop-2.0.8-kohsuke-1.jar:/home/ngochung1809/.m2/repository/org/kohsuke/jinterop/j-interopdeps/2.0.8-kohsuke-1/j-interopdeps-2.0.8-kohsuke-1.jar:/home/ngochung1809/.m2/repository/org/samba/jcifs/jcifs/1.3.18-kohsuke-1/jcifs-1.3.18-kohsuke-1.jar:/home/ngochung1809/.m2/repository/org/kohsuke/stapler/json-lib/2.4-jenkins-3/json-lib-2.4-jenkins-3.jar:/home/ngochung1809/.m2/repository/net/sf/ezmorph/ezmorph/1.0.6/ezmorph-1.0.6.jar:/home/ngochung1809/.m2/repository/org/kohsuke/stapler/stapler/1711.1713.vc400cfb_5597a_/stapler-1711.1713.vc400cfb_5597a_.jar:/home/ngochung1809/.m2/repository/commons-discovery/commons-discovery/0.5/commons-discovery-0.5.jar:/home/ngochung1809/.m2/repository/jakarta/annotation/jakarta.annotation-api/2.1.1/jakarta.annotation-api-2.1.1.jar:/home/ngochung1809/.m2/repository/javax/annotation/javax.annotation-api/1.3.2/javax.annotation-api-1.3.2.jar:/home/ngochung1809/.m2/repository/org/jvnet/tiger-types/2.2/tiger-types-2.2.jar:/home/ngochung1809/.m2/repository/org/kohsuke/stapler/stapler-adjunct-codemirror/1.3/stapler-adjunct-codemirror-1.3.jar:/home/ngochung1809/.m2/repository/org/kohsuke/stapler/stapler-adjunct-timeline/1.5/stapler-adjunct-timeline-1.5.jar:/home/ngochung1809/.m2/repository/org/kohsuke/stapler/stapler-groovy/1711.1713.vc400cfb_5597a_/stapler-groovy-1711.1713.vc400cfb_5597a_.jar:/home/ngochung1809/.m2/repository/org/kohsuke/stapler/stapler-jelly/1711.1713.vc400cfb_5597a_/stapler-jelly-1711.1713.vc400cfb_5597a_.jar:/home/ngochung1809/.m2/repository/org/dom4j/dom4j/2.1.3/dom4j-2.1.3.jar:/home/ngochung1809/.m2/repository/org/jenkins-ci/commons-jelly/1.1-jenkins-20220630/commons-jelly-1.1-jenkins-20220630.jar:/home/ngochung1809/.m2/repository/org/ow2/asm/asm/9.3/asm-9.3.jar:/home/ngochung1809/.m2/repository/org/ow2/asm/asm-analysis/9.3/asm-analysis-9.3.jar:/home/ngochung1809/.m2/repository/org/ow2/asm/asm-commons/9.3/asm-commons-9.3.jar:/home/ngochung1809/.m2/repository/org/ow2/asm/asm-tree/9.3/asm-tree-9.3.jar:/home/ngochung1809/.m2/repository/org/ow2/asm/asm-util/9.3/asm-util-9.3.jar:/home/ngochung1809/.m2/repository/org/slf4j/jcl-over-slf4j/1.7.36/jcl-over-slf4j-1.7.36.jar:/home/ngochung1809/.m2/repository/org/slf4j/slf4j-api/1.7.36/slf4j-api-1.7.36.jar:/home/ngochung1809/.m2/repository/org/slf4j/log4j-over-slf4j/1.7.36/log4j-over-slf4j-1.7.36.jar:/home/ngochung1809/.m2/repository/org/springframework/security/spring-security-web/5.7.2/spring-security-web-5.7.2.jar:/home/ngochung1809/.m2/repository/org/springframework/security/spring-security-core/5.7.2/spring-security-core-5.7.2.jar:/home/ngochung1809/.m2/repository/org/springframework/security/spring-security-crypto/5.7.2/spring-security-crypto-5.7.2.jar:/home/ngochung1809/.m2/repository/org/springframework/spring-core/5.3.22/spring-core-5.3.22.jar:/home/ngochung1809/.m2/repository/org/springframework/spring-aop/5.3.22/spring-aop-5.3.22.jar:/home/ngochung1809/.m2/repository/org/springframework/spring-beans/5.3.22/spring-beans-5.3.22.jar:/home/ngochung1809/.m2/repository/org/springframework/spring-context/5.3.22/spring-context-5.3.22.jar:/home/ngochung1809/.m2/repository/org/springframework/spring-expression/5.3.22/spring-expression-5.3.22.jar:/home/ngochung1809/.m2/repository/org/springframework/spring-web/5.3.22/spring-web-5.3.22.jar:/home/ngochung1809/.m2/repository/xpp3/xpp3/1.1.4c/xpp3-1.1.4c.jar:/home/ngochung1809/.m2/repository/org/jenkins-ci/main/jenkins-war/2.361.4/jenkins-war-2.361.4.war:/home/ngochung1809/.m2/repository/org/jenkins-ci/main/websocket-jetty10/2.361.4/websocket-jetty10-2.361.4.jar:/home/ngochung1809/.m2/repository/org/kohsuke/metainf-services/metainf-services/1.9/metainf-services-1.9.jar:/home/ngochung1809/.m2/repository/org/jenkins-ci/main/websocket-jetty9/2.361.4/websocket-jetty9-2.361.4.jar:/home/ngochung1809/.m2/repository/org/slf4j/slf4j-jdk14/1.7.36/slf4j-jdk14-1.7.36.jar:/home/ngochung1809/.m2/repository/jakarta/servlet/jakarta.servlet-api/4.0.4/jakarta.servlet-api-4.0.4.jar:/home/ngochung1809/.m2/repository/commons-logging/commons-logging/1.2/commons-logging-1.2.jar:/home/ngochung1809/.m2/repository/org/jenkins-ci/main/jenkins-test-harness/2025.v6f97169a_d6a_f/jenkins-test-harness-2025.v6f97169a_d6a_f.jar:/home/ngochung1809/.m2/repository/io/jenkins/lib/support-log-formatter/1.2/support-log-formatter-1.2.jar:/home/ngochung1809/.m2/repository/junit/junit/4.13.2/junit-4.13.2.jar:/home/ngochung1809/.m2/repository/org/hamcrest/hamcrest-core/2.2/hamcrest-core-2.2.jar:/home/ngochung1809/.m2/repository/org/eclipse/jetty/jetty-security/10.0.15/jetty-security-10.0.15.jar:/home/ngochung1809/.m2/repository/org/eclipse/jetty/jetty-server/10.0.15/jetty-server-10.0.15.jar:/home/ngochung1809/.m2/repository/org/eclipse/jetty/jetty-http/10.0.15/jetty-http-10.0.15.jar:/home/ngochung1809/.m2/repository/org/eclipse/jetty/jetty-io/10.0.15/jetty-io-10.0.15.jar:/home/ngochung1809/.m2/repository/org/eclipse/jetty/jetty-webapp/10.0.15/jetty-webapp-10.0.15.jar:/home/ngochung1809/.m2/repository/org/eclipse/jetty/jetty-servlet/10.0.15/jetty-servlet-10.0.15.jar:/home/ngochung1809/.m2/repository/org/eclipse/jetty/jetty-xml/10.0.15/jetty-xml-10.0.15.jar:/home/ngochung1809/.m2/repository/org/eclipse/jetty/jetty-util/10.0.15/jetty-util-10.0.15.jar:/home/ngochung1809/.m2/repository/org/eclipse/jetty/websocket/websocket-jetty-server/10.0.15/websocket-jetty-server-10.0.15.jar:/home/ngochung1809/.m2/repository/org/eclipse/jetty/websocket/websocket-jetty-api/10.0.15/websocket-jetty-api-10.0.15.jar:/home/ngochung1809/.m2/repository/org/eclipse/jetty/websocket/websocket-jetty-common/10.0.15/websocket-jetty-common-10.0.15.jar:/home/ngochung1809/.m2/repository/org/eclipse/jetty/websocket/websocket-core-common/10.0.15/websocket-core-common-10.0.15.jar:/home/ngochung1809/.m2/repository/org/eclipse/jetty/websocket/websocket-servlet/10.0.15/websocket-servlet-10.0.15.jar:/home/ngochung1809/.m2/repository/org/eclipse/jetty/websocket/websocket-core-server/10.0.15/websocket-core-server-10.0.15.jar:/home/ngochung1809/.m2/repository/org/eclipse/jetty/toolchain/jetty-servlet-api/4.0.6/jetty-servlet-api-4.0.6.jar:/home/ngochung1809/.m2/repository/org/hamcrest/hamcrest/2.2/hamcrest-2.2.jar:/home/ngochung1809/.m2/repository/org/jenkins-ci/main/jenkins-test-harness-htmlunit/144.v5c640e68276e/jenkins-test-harness-htmlunit-144.v5c640e68276e.jar:/home/ngochung1809/.m2/repository/org/htmlunit/htmlunit/3.3.0/htmlunit-3.3.0.jar:/home/ngochung1809/.m2/repository/org/apache/commons/commons-lang3/3.12.0/commons-lang3-3.12.0.jar:/home/ngochung1809/.m2/repository/org/apache/commons/commons-text/1.10.0/commons-text-1.10.0.jar:/home/ngochung1809/.m2/repository/org/htmlunit/htmlunit-core-js/3.3.0/htmlunit-core-js-3.3.0.jar:/home/ngochung1809/.m2/repository/org/htmlunit/neko-htmlunit/3.3.0/neko-htmlunit-3.3.0.jar:/home/ngochung1809/.m2/repository/org/htmlunit/htmlunit-cssparser/3.3.0/htmlunit-cssparser-3.3.0.jar:/home/ngochung1809/.m2/repository/org/htmlunit/htmlunit-xpath/3.3.0/htmlunit-xpath-3.3.0.jar:/home/ngochung1809/.m2/repository/commons-net/commons-net/3.9.0/commons-net-3.9.0.jar:/home/ngochung1809/.m2/repository/org/brotli/dec/0.1.2/dec-0.1.2.jar:/home/ngochung1809/.m2/repository/com/shapesecurity/salvation2/3.0.1/salvation2-3.0.1.jar:/home/ngochung1809/.m2/repository/org/junit/jupiter/junit-jupiter-api/5.9.3/junit-jupiter-api-5.9.3.jar:/home/ngochung1809/.m2/repository/org/opentest4j/opentest4j/1.2.0/opentest4j-1.2.0.jar:/home/ngochung1809/.m2/repository/org/junit/platform/junit-platform-commons/1.9.3/junit-platform-commons-1.9.3.jar:/home/ngochung1809/.m2/repository/org/netbeans/modules/org-netbeans-insane/RELEASE180/org-netbeans-insane-RELEASE180.jar:/home/ngochung1809/.m2/repository/org/openjdk/jmh/jmh-core/1.36/jmh-core-1.36.jar:/home/ngochung1809/.m2/repository/net/sf/jopt-simple/jopt-simple/5.0.4/jopt-simple-5.0.4.jar:/home/ngochung1809/.m2/repository/org/apache/commons/commons-math3/3.2/commons-math3-3.2.jar:/home/ngochung1809/.m2/repository/org/openjdk/jmh/jmh-generator-annprocess/1.36/jmh-generator-annprocess-1.36.jar:/home/ngochung1809/.m2/repository/org/jenkins-ci/test-annotations/1.4/test-annotations-1.4.jar:/home/ngochung1809/.m2/repository/org/junit/jupiter/junit-jupiter/5.9.3/junit-jupiter-5.9.3.jar:/home/ngochung1809/.m2/repository/org/junit/jupiter/junit-jupiter-params/5.9.3/junit-jupiter-params-5.9.3.jar:/home/ngochung1809/.m2/repository/org/junit/jupiter/junit-jupiter-engine/5.9.3/junit-jupiter-engine-5.9.3.jar:/home/ngochung1809/.m2/repository/org/junit/vintage/junit-vintage-engine/5.9.3/junit-vintage-engine-5.9.3.jar:/home/ngochung1809/.m2/repository/org/junit/platform/junit-platform-engine/1.9.3/junit-platform-engine-1.9.3.jar:/home/ngochung1809/.m2/repository/org/apiguardian/apiguardian-api/1.1.2/apiguardian-api-1.1.2.jar:"/>
    <property name="java.vm.vendor" value="Debian"/>
    <property name="sun.arch.data.model" value="64"/>
    <property name="sun.font.fontmanager" value="sun.awt.X11FontManager"/>
    <property name="swing.aatext" value="true"/>
    <property name="java.vendor.url" value="https://tracker.debian.org/openjdk-17"/>
    <property name="user.timezone" value="Asia/Ho_Chi_Minh"/>
    <property name="os.name" value="Linux"/>
    <property name="java.vm.specification.version" value="17"/>
    <property name="user.country" value="US"/>
    <property name="sun.java.launcher" value="SUN_STANDARD"/>
    <property name="sun.boot.library.path" value="/usr/lib/jvm/java-17-openjdk-amd64/lib"/>
    <property name="sun.java.command" value="/home/ngochung1809/Downloads/jenkins-automation/project-cicd/target/surefire/surefirebooter-20230925123116529_3.jar /home/ngochung1809/Downloads/jenkins-automation/project-cicd/target/surefire 2023-09-25T12-31-06_552-jvmRun1 surefire-20230925123116529_1tmp surefire_0-20230925123116529_2tmp"/>
    <property name="jdk.debug" value="release"/>
    <property name="surefire.test.class.path" value="/home/ngochung1809/Downloads/jenkins-automation/project-cicd/target/test-classes:/home/ngochung1809/Downloads/jenkins-automation/project-cicd/target/classes:/home/ngochung1809/.m2/repository/org/codehaus/groovy/groovy-json/3.0.8/groovy-json-3.0.8.jar:/home/ngochung1809/.m2/repository/org/codehaus/groovy/groovy/3.0.8/groovy-3.0.8.jar:/home/ngochung1809/.m2/repository/org/jenkins-ci/plugins/docker-commons/419.v8e3cd84ef49c/docker-commons-419.v8e3cd84ef49c.jar:/home/ngochung1809/.m2/repository/org/jenkins-ci/plugins/credentials/1189.vf61b_a_5e2f62e/credentials-1189.vf61b_a_5e2f62e.jar:/home/ngochung1809/.m2/repository/org/antlr/antlr4-runtime/4.11.1/antlr4-runtime-4.11.1.jar:/home/ngochung1809/.m2/repository/org/jenkins-ci/plugins/authentication-tokens/1.4/authentication-tokens-1.4.jar:/home/ngochung1809/.m2/repository/org/jenkins-ci/plugins/structs/324.va_f5d6774f3a_d/structs-324.va_f5d6774f3a_d.jar:/home/ngochung1809/.m2/repository/org/jenkins-ci/plugins/workflow/workflow-cps/3659.v582dc37621d8/workflow-cps-3659.v582dc37621d8.jar:/home/ngochung1809/.m2/repository/io/jenkins/plugins/ionicons-api/45.vf54fca_5d2154/ionicons-api-45.vf54fca_5d2154.jar:/home/ngochung1809/.m2/repository/org/jenkins-ci/plugins/workflow/workflow-api/1213.v646def1087f9/workflow-api-1213.v646def1087f9.jar:/home/ngochung1809/.m2/repository/org/jenkins-ci/plugins/workflow/workflow-support/839.v35e2736cfd5c/workflow-support-839.v35e2736cfd5c.jar:/home/ngochung1809/.m2/repository/org/jenkins-ci/plugins/workflow/workflow-scm-step/408.v7d5b_135a_b_d49/workflow-scm-step-408.v7d5b_135a_b_d49.jar:/home/ngochung1809/.m2/repository/org/jenkins-ci/plugins/script-security/1244.ve463715a_f89c/script-security-1244.ve463715a_f89c.jar:/home/ngochung1809/.m2/repository/org/kohsuke/groovy-sandbox/1.33/groovy-sandbox-1.33.jar:/home/ngochung1809/.m2/repository/org/jenkins-ci/plugins/scm-api/672.v64378a_b_20c60/scm-api-672.v64378a_b_20c60.jar:/home/ngochung1809/.m2/repository/com/cloudbees/groovy-cps/3659.v582dc37621d8/groovy-cps-3659.v582dc37621d8.jar:/home/ngochung1809/.m2/repository/com/cloudbees/diff4j/1.3/diff4j-1.3.jar:/home/ngochung1809/.m2/repository/org/jenkins-ci/plugins/workflow/workflow-durable-task-step/1246.v5524618ea_097/workflow-durable-task-step-1246.v5524618ea_097.jar:/home/ngochung1809/.m2/repository/org/jenkins-ci/plugins/durable-task/507.v050055d0cb_dd/durable-task-507.v050055d0cb_dd.jar:/home/ngochung1809/.m2/repository/io/jenkins/plugins/lib-durable-task/40.vc66cf8fb_4613/lib-durable-task-40.vc66cf8fb_4613.jar:/home/ngochung1809/.m2/repository/org/jenkins-ci/plugins/workflow/workflow-basic-steps/1017.vb_45b_302f0cea_/workflow-basic-steps-1017.vb_45b_302f0cea_.jar:/home/ngochung1809/.m2/repository/org/jenkins-ci/plugins/mailer/448.v5b_97805e3767/mailer-448.v5b_97805e3767.jar:/home/ngochung1809/.m2/repository/org/jenkins-ci/plugins/display-url-api/2.3.7/display-url-api-2.3.7.jar:/home/ngochung1809/.m2/repository/org/jenkins-ci/modules/instance-identity/142.v04572ca_5b_265/instance-identity-142.v04572ca_5b_265.jar:/home/ngochung1809/.m2/repository/org/jenkins-ci/plugins/bouncycastle-api/2.27/bouncycastle-api-2.27.jar:/home/ngochung1809/.m2/repository/org/bouncycastle/bcpkix-jdk18on/1.72/bcpkix-jdk18on-1.72.jar:/home/ngochung1809/.m2/repository/org/bouncycastle/bcprov-jdk18on/1.72/bcprov-jdk18on-1.72.jar:/home/ngochung1809/.m2/repository/org/bouncycastle/bcutil-jdk18on/1.72/bcutil-jdk18on-1.72.jar:/home/ngochung1809/.m2/repository/org/jenkins-ci/plugins/apache-httpcomponents-client-4-api/4.5.14-150.v7a_b_9d17134a_5/apache-httpcomponents-client-4-api-4.5.14-150.v7a_b_9d17134a_5.jar:/home/ngochung1809/.m2/repository/org/apache/httpcomponents/httpcore/4.4.16/httpcore-4.4.16.jar:/home/ngochung1809/.m2/repository/org/apache/httpcomponents/httpcore-nio/4.4.16/httpcore-nio-4.4.16.jar:/home/ngochung1809/.m2/repository/org/apache/httpcomponents/httpclient/4.5.14/httpclient-4.5.14.jar:/home/ngochung1809/.m2/repository/org/apache/httpcomponents/httpmime/4.5.14/httpmime-4.5.14.jar:/home/ngochung1809/.m2/repository/org/apache/httpcomponents/fluent-hc/4.5.14/fluent-hc-4.5.14.jar:/home/ngochung1809/.m2/repository/org/apache/httpcomponents/httpclient-cache/4.5.14/httpclient-cache-4.5.14.jar:/home/ngochung1809/.m2/repository/org/apache/httpcomponents/httpasyncclient/4.1.5/httpasyncclient-4.1.5.jar:/home/ngochung1809/.m2/repository/org/apache/httpcomponents/httpasyncclient-cache/4.1.5/httpasyncclient-cache-4.1.5.jar:/home/ngochung1809/.m2/repository/io/jenkins/plugins/jakarta-mail-api/2.0.1-3/jakarta-mail-api-2.0.1-3.jar:/home/ngochung1809/.m2/repository/com/sun/mail/jakarta.mail/2.0.1/jakarta.mail-2.0.1.jar:/home/ngochung1809/.m2/repository/io/jenkins/plugins/jakarta-activation-api/2.0.1-3/jakarta-activation-api-2.0.1-3.jar:/home/ngochung1809/.m2/repository/com/sun/activation/jakarta.activation/2.0.1/jakarta.activation-2.0.1.jar:/home/ngochung1809/.m2/repository/org/jenkins-ci/plugins/workflow/workflow-step-api/639.v6eca_cd8c04a_a_/workflow-step-api-639.v6eca_cd8c04a_a_.jar:/home/ngochung1809/.m2/repository/org/jenkins-ci/plugins/cloudbees-folder/6.758.vfd75d09eea_a_1/cloudbees-folder-6.758.vfd75d09eea_a_1.jar:/home/ngochung1809/.m2/repository/org/jenkins-ci/plugins/workflow/workflow-step-api/639.v6eca_cd8c04a_a_/workflow-step-api-639.v6eca_cd8c04a_a_-tests.jar:/home/ngochung1809/.m2/repository/org/jenkins-ci/plugins/workflow/workflow-support/839.v35e2736cfd5c/workflow-support-839.v35e2736cfd5c-tests.jar:/home/ngochung1809/.m2/repository/io/jenkins/plugins/caffeine-api/3.1.6-115.vb_8b_b_328e59d8/caffeine-api-3.1.6-115.vb_8b_b_328e59d8.jar:/home/ngochung1809/.m2/repository/com/github/ben-manes/caffeine/caffeine/3.1.6/caffeine-3.1.6.jar:/home/ngochung1809/.m2/repository/org/jboss/marshalling/jboss-marshalling-river/2.1.0.Final/jboss-marshalling-river-2.1.0.Final.jar:/home/ngochung1809/.m2/repository/org/jboss/marshalling/jboss-marshalling/2.1.0.Final/jboss-marshalling-2.1.0.Final.jar:/home/ngochung1809/.m2/repository/org/jenkins-ci/plugins/workflow/workflow-cps/3659.v582dc37621d8/workflow-cps-3659.v582dc37621d8-tests.jar:/home/ngochung1809/.m2/repository/org/jenkins-ci/plugins/workflow/workflow-job/1295.v395eb_7400005/workflow-job-1295.v395eb_7400005.jar:/home/ngochung1809/.m2/repository/org/jenkins-ci/plugins/credentials-binding/604.vb_64480b_c56ca_/credentials-binding-604.vb_64480b_c56ca_.jar:/home/ngochung1809/.m2/repository/org/jenkins-ci/plugins/plain-credentials/143.v1b_df8b_d3b_e48/plain-credentials-143.v1b_df8b_d3b_e48.jar:/home/ngochung1809/.m2/repository/org/jenkins-ci/plugins/ssh-credentials/305.v8f4381501156/ssh-credentials-305.v8f4381501156.jar:/home/ngochung1809/.m2/repository/org/jenkins-ci/plugins/trilead-api/2.84.v72119de229b_7/trilead-api-2.84.v72119de229b_7.jar:/home/ngochung1809/.m2/repository/org/jenkins-ci/trilead-ssh2/build-217-jenkins-247.v708a_8b_14f4b_a/trilead-ssh2-build-217-jenkins-247.v708a_8b_14f4b_a.jar:/home/ngochung1809/.m2/repository/net/i2p/crypto/eddsa/0.3.0/eddsa-0.3.0.jar:/home/ngochung1809/.m2/repository/com/google/crypto/tink/tink/1.7.0/tink-1.7.0.jar:/home/ngochung1809/.m2/repository/org/kohsuke/trilead-putty-extension/1.2/trilead-putty-extension-1.2.jar:/home/ngochung1809/.m2/repository/org/jenkins-ci/plugins/config-file-provider/938.ve2b_8a_591c596/config-file-provider-938.ve2b_8a_591c596.jar:/home/ngochung1809/.m2/repository/org/jenkins-ci/plugins/token-macro/359.vb_cde11682e0c/token-macro-359.vb_cde11682e0c.jar:/home/ngochung1809/.m2/repository/com/jayway/jsonpath/json-path/2.8.0/json-path-2.8.0.jar:/home/ngochung1809/.m2/repository/net/minidev/json-smart/2.4.10/json-smart-2.4.10.jar:/home/ngochung1809/.m2/repository/net/minidev/accessors-smart/2.4.9/accessors-smart-2.4.9.jar:/home/ngochung1809/.m2/repository/org/jenkinsci/plugins/pipeline-model-definition/2.2131.vb_9788088fdb_5/pipeline-model-definition-2.2131.vb_9788088fdb_5.jar:/home/ngochung1809/.m2/repository/org/jenkinsci/plugins/pipeline-model-api/2.2131.vb_9788088fdb_5/pipeline-model-api-2.2131.vb_9788088fdb_5.jar:/home/ngochung1809/.m2/repository/org/jenkins-ci/plugins/jackson2-api/2.15.1-344.v6eb_55303dc3e/jackson2-api-2.15.1-344.v6eb_55303dc3e.jar:/home/ngochung1809/.m2/repository/com/fasterxml/jackson/core/jackson-databind/2.15.1/jackson-databind-2.15.1.jar:/home/ngochung1809/.m2/repository/com/fasterxml/jackson/datatype/jackson-datatype-jsr310/2.15.1/jackson-datatype-jsr310-2.15.1.jar:/home/ngochung1809/.m2/repository/com/fasterxml/jackson/datatype/jackson-datatype-jdk8/2.15.1/jackson-datatype-jdk8-2.15.1.jar:/home/ngochung1809/.m2/repository/com/fasterxml/jackson/datatype/jackson-datatype-json-org/2.15.1/jackson-datatype-json-org-2.15.1.jar:/home/ngochung1809/.m2/repository/org/json/json/20230227/json-20230227.jar:/home/ngochung1809/.m2/repository/com/fasterxml/jackson/module/jackson-module-parameter-names/2.15.1/jackson-module-parameter-names-2.15.1.jar:/home/ngochung1809/.m2/repository/com/fasterxml/jackson/core/jackson-core/2.15.1/jackson-core-2.15.1.jar:/home/ngochung1809/.m2/repository/com/fasterxml/jackson/core/jackson-annotations/2.15.1/jackson-annotations-2.15.1.jar:/home/ngochung1809/.m2/repository/com/fasterxml/jackson/module/jackson-module-jaxb-annotations/2.15.1/jackson-module-jaxb-annotations-2.15.1.jar:/home/ngochung1809/.m2/repository/com/fasterxml/jackson/dataformat/jackson-dataformat-cbor/2.15.1/jackson-dataformat-cbor-2.15.1.jar:/home/ngochung1809/.m2/repository/com/fasterxml/jackson/dataformat/jackson-dataformat-xml/2.15.1/jackson-dataformat-xml-2.15.1.jar:/home/ngochung1809/.m2/repository/org/codehaus/woodstox/stax2-api/4.2.1/stax2-api-4.2.1.jar:/home/ngochung1809/.m2/repository/com/fasterxml/woodstox/woodstox-core/6.5.1/woodstox-core-6.5.1.jar:/home/ngochung1809/.m2/repository/com/fasterxml/jackson/dataformat/jackson-dataformat-yaml/2.15.1/jackson-dataformat-yaml-2.15.1.jar:/home/ngochung1809/.m2/repository/io/jenkins/plugins/javax-activation-api/1.2.0-6/javax-activation-api-1.2.0-6.jar:/home/ngochung1809/.m2/repository/com/sun/activation/javax.activation/1.2.0/javax.activation-1.2.0.jar:/home/ngochung1809/.m2/repository/io/jenkins/plugins/jaxb/2.3.8-1/jaxb-2.3.8-1.jar:/home/ngochung1809/.m2/repository/com/sun/xml/bind/jaxb-impl/2.3.8/jaxb-impl-2.3.8.jar:/home/ngochung1809/.m2/repository/javax/xml/bind/jaxb-api/2.3.1/jaxb-api-2.3.1.jar:/home/ngochung1809/.m2/repository/io/jenkins/plugins/snakeyaml-api/1.33-95.va_b_a_e3e47b_fa_4/snakeyaml-api-1.33-95.va_b_a_e3e47b_fa_4.jar:/home/ngochung1809/.m2/repository/org/yaml/snakeyaml/1.33/snakeyaml-1.33.jar:/home/ngochung1809/.m2/repository/com/github/java-json-tools/json-schema-validator/2.2.14/json-schema-validator-2.2.14.jar:/home/ngochung1809/.m2/repository/com/github/java-json-tools/jackson-coreutils-equivalence/1.0/jackson-coreutils-equivalence-1.0.jar:/home/ngochung1809/.m2/repository/com/github/java-json-tools/jackson-coreutils/2.0/jackson-coreutils-2.0.jar:/home/ngochung1809/.m2/repository/com/github/java-json-tools/msg-simple/1.2/msg-simple-1.2.jar:/home/ngochung1809/.m2/repository/com/github/java-json-tools/btf/1.3/btf-1.3.jar:/home/ngochung1809/.m2/repository/com/github/java-json-tools/json-schema-core/1.2.14/json-schema-core-1.2.14.jar:/home/ngochung1809/.m2/repository/com/github/java-json-tools/uri-template/0.10/uri-template-0.10.jar:/home/ngochung1809/.m2/repository/org/mozilla/rhino/1.7.7.2/rhino-1.7.7.2.jar:/home/ngochung1809/.m2/repository/com/sun/mail/mailapi/1.6.2/mailapi-1.6.2.jar:/home/ngochung1809/.m2/repository/joda-time/joda-time/2.10.5/joda-time-2.10.5.jar:/home/ngochung1809/.m2/repository/com/googlecode/libphonenumber/libphonenumber/8.11.1/libphonenumber-8.11.1.jar:/home/ngochung1809/.m2/repository/org/jenkinsci/plugins/pipeline-model-extensions/2.2131.vb_9788088fdb_5/pipeline-model-extensions-2.2131.vb_9788088fdb_5.jar:/home/ngochung1809/.m2/repository/org/jenkinsci/plugins/pipeline-stage-tags-metadata/2.2131.vb_9788088fdb_5/pipeline-stage-tags-metadata-2.2131.vb_9788088fdb_5.jar:/home/ngochung1809/.m2/repository/org/jenkins-ci/plugins/workflow/workflow-multibranch/746.v05814d19c001/workflow-multibranch-746.v05814d19c001.jar:/home/ngochung1809/.m2/repository/org/jenkins-ci/plugins/branch-api/2.1092.vda_3c2a_a_f0c11/branch-api-2.1092.vda_3c2a_a_f0c11.jar:/home/ngochung1809/.m2/repository/org/jenkins-ci/plugins/pipeline-stage-step/305.ve96d0205c1c6/pipeline-stage-step-305.ve96d0205c1c6.jar:/home/ngochung1809/.m2/repository/io/jenkins/plugins/pipeline-groovy-lib/656.va_a_ceeb_6ffb_f7/pipeline-groovy-lib-656.va_a_ceeb_6ffb_f7.jar:/home/ngochung1809/.m2/repository/org/apache/ivy/ivy/2.5.1/ivy-2.5.1.jar:/home/ngochung1809/.m2/repository/org/jenkins-ci/plugins/variant/59.vf075fe829ccb/variant-59.vf075fe829ccb.jar:/home/ngochung1809/.m2/repository/org/jenkins-ci/plugins/git-client/4.2.0/git-client-4.2.0.jar:/home/ngochung1809/.m2/repository/io/jenkins/plugins/mina-sshd-api/mina-sshd-api-common/2.10.0-69.v28e3e36d18eb_/mina-sshd-api-common-2.10.0-69.v28e3e36d18eb_.jar:/home/ngochung1809/.m2/repository/org/apache/sshd/sshd-common/2.10.0/sshd-common-2.10.0.jar:/home/ngochung1809/.m2/repository/io/jenkins/plugins/mina-sshd-api/mina-sshd-api-core/2.10.0-69.v28e3e36d18eb_/mina-sshd-api-core-2.10.0-69.v28e3e36d18eb_.jar:/home/ngochung1809/.m2/repository/org/apache/sshd/sshd-core/2.10.0/sshd-core-2.10.0.jar:/home/ngochung1809/.m2/repository/org/eclipse/jgit/org.eclipse.jgit/6.5.0.202303070854-r/org.eclipse.jgit-6.5.0.202303070854-r.jar:/home/ngochung1809/.m2/repository/com/googlecode/javaewah/JavaEWAH/1.1.13/JavaEWAH-1.1.13.jar:/home/ngochung1809/.m2/repository/org/eclipse/jgit/org.eclipse.jgit.http.server/6.5.0.202303070854-r/org.eclipse.jgit.http.server-6.5.0.202303070854-r.jar:/home/ngochung1809/.m2/repository/org/eclipse/jgit/org.eclipse.jgit.http.apache/6.5.0.202303070854-r/org.eclipse.jgit.http.apache-6.5.0.202303070854-r.jar:/home/ngochung1809/.m2/repository/org/eclipse/jgit/org.eclipse.jgit.lfs/6.5.0.202303070854-r/org.eclipse.jgit.lfs-6.5.0.202303070854-r.jar:/home/ngochung1809/.m2/repository/com/google/code/gson/gson/2.10.1/gson-2.10.1.jar:/home/ngochung1809/.m2/repository/org/eclipse/jgit/org.eclipse.jgit.ssh.apache/6.5.0.202303070854-r/org.eclipse.jgit.ssh.apache-6.5.0.202303070854-r.jar:/home/ngochung1809/.m2/repository/org/jenkins-ci/plugins/pipeline-input-step/468.va_5db_051498a_4/pipeline-input-step-468.va_5db_051498a_4.jar:/home/ngochung1809/.m2/repository/org/jenkins-ci/plugins/scm-api/672.v64378a_b_20c60/scm-api-672.v64378a_b_20c60-tests.jar:/home/ngochung1809/.m2/repository/org/jenkins-ci/plugins/git/5.0.2/git-5.0.2.jar:/home/ngochung1809/.m2/repository/org/jenkins-ci/plugins/git/5.0.2/git-5.0.2-tests.jar:/home/ngochung1809/.m2/repository/org/jenkinsci/plugins/pipeline-model-definition/2.2131.vb_9788088fdb_5/pipeline-model-definition-2.2131.vb_9788088fdb_5-tests.jar:/home/ngochung1809/.m2/repository/org/jenkins-ci/main/jenkins-test-harness-tools/2.2/jenkins-test-harness-tools-2.2.jar:/home/ngochung1809/.m2/repository/org/jenkins-ci/plugins/ant/487.vd79d090d4ea_e/ant-487.vd79d090d4ea_e.jar:/home/ngochung1809/.m2/repository/org/jenkins-ci/plugins/gradle/1.24/gradle-1.24.jar:/home/ngochung1809/.m2/repository/org/jenkins-ci/lib/dry-run-lib/0.1/dry-run-lib-0.1.jar:/home/ngochung1809/.m2/repository/org/jenkins-ci/plugins/matrix-project/789.v57a_725b_63c79/matrix-project-789.v57a_725b_63c79.jar:/home/ngochung1809/.m2/repository/org/jenkins-ci/plugins/junit/1202.v79a_986785076/junit-1202.v79a_986785076.jar:/home/ngochung1809/.m2/repository/io/jenkins/plugins/echarts-api/5.4.0-1/echarts-api-5.4.0-1.jar:/home/ngochung1809/.m2/repository/io/jenkins/plugins/font-awesome-api/6.2.1-1/font-awesome-api-6.2.1-1.jar:/home/ngochung1809/.m2/repository/io/jenkins/plugins/jquery3-api/3.6.1-2/jquery3-api-3.6.1-2.jar:/home/ngochung1809/.m2/repository/org/eclipse/collections/eclipse-collections-api/9.2.0/eclipse-collections-api-9.2.0.jar:/home/ngochung1809/.m2/repository/org/eclipse/collections/eclipse-collections/9.2.0/eclipse-collections-9.2.0.jar:/home/ngochung1809/.m2/repository/io/jenkins/plugins/checks-api/1.8.1/checks-api-1.8.1.jar:/home/ngochung1809/.m2/repository/io/jenkins/plugins/commons-lang3-api/3.12.0-36.vd97de6465d5b_/commons-lang3-api-3.12.0-36.vd97de6465d5b_.jar:/home/ngochung1809/.m2/repository/io/jenkins/plugins/commons-text-api/1.10.0-36.vc008c8fcda_7b_/commons-text-api-1.10.0-36.vc008c8fcda_7b_.jar:/home/ngochung1809/.m2/repository/io/jenkins/plugins/plugin-util-api/2.20.0/plugin-util-api-2.20.0.jar:/home/ngochung1809/.m2/repository/io/jenkins/plugins/bootstrap5-api/5.2.1-3/bootstrap5-api-5.2.1-3.jar:/home/ngochung1809/.m2/repository/io/jenkins/plugins/popper2-api/2.11.6-2/popper2-api-2.11.6-2.jar:/home/ngochung1809/.m2/repository/org/jenkins-ci/main/jenkins-core/2.361.4/jenkins-core-2.361.4.jar:/home/ngochung1809/.m2/repository/org/jenkins-ci/main/cli/2.361.4/cli-2.361.4.jar:/home/ngochung1809/.m2/repository/org/jenkins-ci/main/remoting/3044.vb_940a_a_e4f72e/remoting-3044.vb_940a_a_e4f72e.jar:/home/ngochung1809/.m2/repository/antlr/antlr/2.7.7/antlr-2.7.7.jar:/home/ngochung1809/.m2/repository/args4j/args4j/2.33/args4j-2.33.jar:/home/ngochung1809/.m2/repository/com/github/spotbugs/spotbugs-annotations/4.7.1/spotbugs-annotations-4.7.1.jar:/home/ngochung1809/.m2/repository/com/google/guava/guava/31.1-jre/guava-31.1-jre.jar:/home/ngochung1809/.m2/repository/com/google/guava/failureaccess/1.0.1/failureaccess-1.0.1.jar:/home/ngochung1809/.m2/repository/com/google/guava/listenablefuture/9999.0-empty-to-avoid-conflict-with-guava/listenablefuture-9999.0-empty-to-avoid-conflict-with-guava.jar:/home/ngochung1809/.m2/repository/com/google/code/findbugs/jsr305/3.0.1/jsr305-3.0.1.jar:/home/ngochung1809/.m2/repository/com/google/inject/guice/5.0.1/guice-5.0.1.jar:/home/ngochung1809/.m2/repository/javax/inject/javax.inject/1/javax.inject-1.jar:/home/ngochung1809/.m2/repository/com/infradna/tool/bridge-method-annotation/1.23/bridge-method-annotation-1.23.jar:/home/ngochung1809/.m2/repository/com/jcraft/jzlib/1.1.3-kohsuke-1/jzlib-1.1.3-kohsuke-1.jar:/home/ngochung1809/.m2/repository/com/sun/solaris/embedded_su4j/1.1/embedded_su4j-1.1.jar:/home/ngochung1809/.m2/repository/com/sun/xml/txw2/txw2/20110809/txw2-20110809.jar:/home/ngochung1809/.m2/repository/relaxngDatatype/relaxngDatatype/20020414/relaxngDatatype-20020414.jar:/home/ngochung1809/.m2/repository/com/thoughtworks/xstream/xstream/1.4.19/xstream-1.4.19.jar:/home/ngochung1809/.m2/repository/io/github/x-stream/mxparser/1.2.2/mxparser-1.2.2.jar:/home/ngochung1809/.m2/repository/commons-beanutils/commons-beanutils/1.9.4/commons-beanutils-1.9.4.jar:/home/ngochung1809/.m2/repository/commons-codec/commons-codec/1.15/commons-codec-1.15.jar:/home/ngochung1809/.m2/repository/commons-collections/commons-collections/3.2.2/commons-collections-3.2.2.jar:/home/ngochung1809/.m2/repository/commons-fileupload/commons-fileupload/1.4/commons-fileupload-1.4.jar:/home/ngochung1809/.m2/repository/commons-httpclient/commons-httpclient/3.1-jenkins-3/commons-httpclient-3.1-jenkins-3.jar:/home/ngochung1809/.m2/repository/commons-io/commons-io/2.11.0/commons-io-2.11.0.jar:/home/ngochung1809/.m2/repository/commons-jelly/commons-jelly-tags-fmt/1.0/commons-jelly-tags-fmt-1.0.jar:/home/ngochung1809/.m2/repository/commons-jelly/commons-jelly-tags-xml/1.1/commons-jelly-tags-xml-1.1.jar:/home/ngochung1809/.m2/repository/commons-lang/commons-lang/2.6/commons-lang-2.6.jar:/home/ngochung1809/.m2/repository/io/jenkins/stapler/jenkins-stapler-support/1.1/jenkins-stapler-support-1.1.jar:/home/ngochung1809/.m2/repository/jakarta/servlet/jsp/jstl/jakarta.servlet.jsp.jstl-api/1.2.7/jakarta.servlet.jsp.jstl-api-1.2.7.jar:/home/ngochung1809/.m2/repository/jaxen/jaxen/1.2.0/jaxen-1.2.0.jar:/home/ngochung1809/.m2/repository/jline/jline/2.14.6/jline-2.14.6.jar:/home/ngochung1809/.m2/repository/net/java/dev/jna/jna/5.12.1/jna-5.12.1.jar:/home/ngochung1809/.m2/repository/net/java/sezpoz/sezpoz/1.13/sezpoz-1.13.jar:/home/ngochung1809/.m2/repository/net/jcip/jcip-annotations/1.0/jcip-annotations-1.0.jar:/home/ngochung1809/.m2/repository/net/sf/kxml/kxml2/2.3.0/kxml2-2.3.0.jar:/home/ngochung1809/.m2/repository/org/apache/ant/ant/1.10.12/ant-1.10.12.jar:/home/ngochung1809/.m2/repository/org/apache/ant/ant-launcher/1.10.12/ant-launcher-1.10.12.jar:/home/ngochung1809/.m2/repository/org/apache/commons/commons-compress/1.21/commons-compress-1.21.jar:/home/ngochung1809/.m2/repository/org/codehaus/groovy/groovy-all/2.4.21/groovy-all-2.4.21.jar:/home/ngochung1809/.m2/repository/org/connectbot/jbcrypt/jbcrypt/1.0.0/jbcrypt-1.0.0.jar:/home/ngochung1809/.m2/repository/org/fusesource/jansi/jansi/1.11/jansi-1.11.jar:/home/ngochung1809/.m2/repository/org/jenkins-ci/annotation-indexer/1.16/annotation-indexer-1.16.jar:/home/ngochung1809/.m2/repository/org/jenkins-ci/commons-jexl/1.1-jenkins-20111212/commons-jexl-1.1-jenkins-20111212.jar:/home/ngochung1809/.m2/repository/org/jenkins-ci/crypto-util/1.7/crypto-util-1.7.jar:/home/ngochung1809/.m2/repository/org/jenkins-ci/memory-monitor/1.11/memory-monitor-1.11.jar:/home/ngochung1809/.m2/repository/org/jenkins-ci/symbol-annotation/1.23/symbol-annotation-1.23.jar:/home/ngochung1809/.m2/repository/org/jenkins-ci/task-reactor/1.7/task-reactor-1.7.jar:/home/ngochung1809/.m2/repository/org/jenkins-ci/version-number/1.10/version-number-1.10.jar:/home/ngochung1809/.m2/repository/org/jenkins-ci/main/websocket-spi/2.361.4/websocket-spi-2.361.4.jar:/home/ngochung1809/.m2/repository/org/jfree/jfreechart/1.0.19/jfreechart-1.0.19.jar:/home/ngochung1809/.m2/repository/org/jfree/jcommon/1.0.23/jcommon-1.0.23.jar:/home/ngochung1809/.m2/repository/org/jvnet/hudson/commons-jelly-tags-define/1.0.1-hudson-20071021/commons-jelly-tags-define-1.0.1-hudson-20071021.jar:/home/ngochung1809/.m2/repository/org/jvnet/localizer/localizer/1.31/localizer-1.31.jar:/home/ngochung1809/.m2/repository/org/jvnet/robust-http-client/robust-http-client/1.2/robust-http-client-1.2.jar:/home/ngochung1809/.m2/repository/org/jvnet/winp/winp/1.28/winp-1.28.jar:/home/ngochung1809/.m2/repository/org/kohsuke/access-modifier-annotation/1.27/access-modifier-annotation-1.27.jar:/home/ngochung1809/.m2/repository/org/kohsuke/windows-package-checker/1.2/windows-package-checker-1.2.jar:/home/ngochung1809/.m2/repository/org/kohsuke/jinterop/j-interop/2.0.8-kohsuke-1/j-interop-2.0.8-kohsuke-1.jar:/home/ngochung1809/.m2/repository/org/kohsuke/jinterop/j-interopdeps/2.0.8-kohsuke-1/j-interopdeps-2.0.8-kohsuke-1.jar:/home/ngochung1809/.m2/repository/org/samba/jcifs/jcifs/1.3.18-kohsuke-1/jcifs-1.3.18-kohsuke-1.jar:/home/ngochung1809/.m2/repository/org/kohsuke/stapler/json-lib/2.4-jenkins-3/json-lib-2.4-jenkins-3.jar:/home/ngochung1809/.m2/repository/net/sf/ezmorph/ezmorph/1.0.6/ezmorph-1.0.6.jar:/home/ngochung1809/.m2/repository/org/kohsuke/stapler/stapler/1711.1713.vc400cfb_5597a_/stapler-1711.1713.vc400cfb_5597a_.jar:/home/ngochung1809/.m2/repository/commons-discovery/commons-discovery/0.5/commons-discovery-0.5.jar:/home/ngochung1809/.m2/repository/jakarta/annotation/jakarta.annotation-api/2.1.1/jakarta.annotation-api-2.1.1.jar:/home/ngochung1809/.m2/repository/javax/annotation/javax.annotation-api/1.3.2/javax.annotation-api-1.3.2.jar:/home/ngochung1809/.m2/repository/org/jvnet/tiger-types/2.2/tiger-types-2.2.jar:/home/ngochung1809/.m2/repository/org/kohsuke/stapler/stapler-adjunct-codemirror/1.3/stapler-adjunct-codemirror-1.3.jar:/home/ngochung1809/.m2/repository/org/kohsuke/stapler/stapler-adjunct-timeline/1.5/stapler-adjunct-timeline-1.5.jar:/home/ngochung1809/.m2/repository/org/kohsuke/stapler/stapler-groovy/1711.1713.vc400cfb_5597a_/stapler-groovy-1711.1713.vc400cfb_5597a_.jar:/home/ngochung1809/.m2/repository/org/kohsuke/stapler/stapler-jelly/1711.1713.vc400cfb_5597a_/stapler-jelly-1711.1713.vc400cfb_5597a_.jar:/home/ngochung1809/.m2/repository/org/dom4j/dom4j/2.1.3/dom4j-2.1.3.jar:/home/ngochung1809/.m2/repository/org/jenkins-ci/commons-jelly/1.1-jenkins-20220630/commons-jelly-1.1-jenkins-20220630.jar:/home/ngochung1809/.m2/repository/org/ow2/asm/asm/9.3/asm-9.3.jar:/home/ngochung1809/.m2/repository/org/ow2/asm/asm-analysis/9.3/asm-analysis-9.3.jar:/home/ngochung1809/.m2/repository/org/ow2/asm/asm-commons/9.3/asm-commons-9.3.jar:/home/ngochung1809/.m2/repository/org/ow2/asm/asm-tree/9.3/asm-tree-9.3.jar:/home/ngochung1809/.m2/repository/org/ow2/asm/asm-util/9.3/asm-util-9.3.jar:/home/ngochung1809/.m2/repository/org/slf4j/jcl-over-slf4j/1.7.36/jcl-over-slf4j-1.7.36.jar:/home/ngochung1809/.m2/repository/org/slf4j/slf4j-api/1.7.36/slf4j-api-1.7.36.jar:/home/ngochung1809/.m2/repository/org/slf4j/log4j-over-slf4j/1.7.36/log4j-over-slf4j-1.7.36.jar:/home/ngochung1809/.m2/repository/org/springframework/security/spring-security-web/5.7.2/spring-security-web-5.7.2.jar:/home/ngochung1809/.m2/repository/org/springframework/security/spring-security-core/5.7.2/spring-security-core-5.7.2.jar:/home/ngochung1809/.m2/repository/org/springframework/security/spring-security-crypto/5.7.2/spring-security-crypto-5.7.2.jar:/home/ngochung1809/.m2/repository/org/springframework/spring-core/5.3.22/spring-core-5.3.22.jar:/home/ngochung1809/.m2/repository/org/springframework/spring-aop/5.3.22/spring-aop-5.3.22.jar:/home/ngochung1809/.m2/repository/org/springframework/spring-beans/5.3.22/spring-beans-5.3.22.jar:/home/ngochung1809/.m2/repository/org/springframework/spring-context/5.3.22/spring-context-5.3.22.jar:/home/ngochung1809/.m2/repository/org/springframework/spring-expression/5.3.22/spring-expression-5.3.22.jar:/home/ngochung1809/.m2/repository/org/springframework/spring-web/5.3.22/spring-web-5.3.22.jar:/home/ngochung1809/.m2/repository/xpp3/xpp3/1.1.4c/xpp3-1.1.4c.jar:/home/ngochung1809/.m2/repository/org/jenkins-ci/main/jenkins-war/2.361.4/jenkins-war-2.361.4.war:/home/ngochung1809/.m2/repository/org/jenkins-ci/main/websocket-jetty10/2.361.4/websocket-jetty10-2.361.4.jar:/home/ngochung1809/.m2/repository/org/kohsuke/metainf-services/metainf-services/1.9/metainf-services-1.9.jar:/home/ngochung1809/.m2/repository/org/jenkins-ci/main/websocket-jetty9/2.361.4/websocket-jetty9-2.361.4.jar:/home/ngochung1809/.m2/repository/org/slf4j/slf4j-jdk14/1.7.36/slf4j-jdk14-1.7.36.jar:/home/ngochung1809/.m2/repository/jakarta/servlet/jakarta.servlet-api/4.0.4/jakarta.servlet-api-4.0.4.jar:/home/ngochung1809/.m2/repository/commons-logging/commons-logging/1.2/commons-logging-1.2.jar:/home/ngochung1809/.m2/repository/org/jenkins-ci/main/jenkins-test-harness/2025.v6f97169a_d6a_f/jenkins-test-harness-2025.v6f97169a_d6a_f.jar:/home/ngochung1809/.m2/repository/io/jenkins/lib/support-log-formatter/1.2/support-log-formatter-1.2.jar:/home/ngochung1809/.m2/repository/junit/junit/4.13.2/junit-4.13.2.jar:/home/ngochung1809/.m2/repository/org/hamcrest/hamcrest-core/2.2/hamcrest-core-2.2.jar:/home/ngochung1809/.m2/repository/org/eclipse/jetty/jetty-security/10.0.15/jetty-security-10.0.15.jar:/home/ngochung1809/.m2/repository/org/eclipse/jetty/jetty-server/10.0.15/jetty-server-10.0.15.jar:/home/ngochung1809/.m2/repository/org/eclipse/jetty/jetty-http/10.0.15/jetty-http-10.0.15.jar:/home/ngochung1809/.m2/repository/org/eclipse/jetty/jetty-io/10.0.15/jetty-io-10.0.15.jar:/home/ngochung1809/.m2/repository/org/eclipse/jetty/jetty-webapp/10.0.15/jetty-webapp-10.0.15.jar:/home/ngochung1809/.m2/repository/org/eclipse/jetty/jetty-servlet/10.0.15/jetty-servlet-10.0.15.jar:/home/ngochung1809/.m2/repository/org/eclipse/jetty/jetty-xml/10.0.15/jetty-xml-10.0.15.jar:/home/ngochung1809/.m2/repository/org/eclipse/jetty/jetty-util/10.0.15/jetty-util-10.0.15.jar:/home/ngochung1809/.m2/repository/org/eclipse/jetty/websocket/websocket-jetty-server/10.0.15/websocket-jetty-server-10.0.15.jar:/home/ngochung1809/.m2/repository/org/eclipse/jetty/websocket/websocket-jetty-api/10.0.15/websocket-jetty-api-10.0.15.jar:/home/ngochung1809/.m2/repository/org/eclipse/jetty/websocket/websocket-jetty-common/10.0.15/websocket-jetty-common-10.0.15.jar:/home/ngochung1809/.m2/repository/org/eclipse/jetty/websocket/websocket-core-common/10.0.15/websocket-core-common-10.0.15.jar:/home/ngochung1809/.m2/repository/org/eclipse/jetty/websocket/websocket-servlet/10.0.15/websocket-servlet-10.0.15.jar:/home/ngochung1809/.m2/repository/org/eclipse/jetty/websocket/websocket-core-server/10.0.15/websocket-core-server-10.0.15.jar:/home/ngochung1809/.m2/repository/org/eclipse/jetty/toolchain/jetty-servlet-api/4.0.6/jetty-servlet-api-4.0.6.jar:/home/ngochung1809/.m2/repository/org/hamcrest/hamcrest/2.2/hamcrest-2.2.jar:/home/ngochung1809/.m2/repository/org/jenkins-ci/main/jenkins-test-harness-htmlunit/144.v5c640e68276e/jenkins-test-harness-htmlunit-144.v5c640e68276e.jar:/home/ngochung1809/.m2/repository/org/htmlunit/htmlunit/3.3.0/htmlunit-3.3.0.jar:/home/ngochung1809/.m2/repository/org/apache/commons/commons-lang3/3.12.0/commons-lang3-3.12.0.jar:/home/ngochung1809/.m2/repository/org/apache/commons/commons-text/1.10.0/commons-text-1.10.0.jar:/home/ngochung1809/.m2/repository/org/htmlunit/htmlunit-core-js/3.3.0/htmlunit-core-js-3.3.0.jar:/home/ngochung1809/.m2/repository/org/htmlunit/neko-htmlunit/3.3.0/neko-htmlunit-3.3.0.jar:/home/ngochung1809/.m2/repository/org/htmlunit/htmlunit-cssparser/3.3.0/htmlunit-cssparser-3.3.0.jar:/home/ngochung1809/.m2/repository/org/htmlunit/htmlunit-xpath/3.3.0/htmlunit-xpath-3.3.0.jar:/home/ngochung1809/.m2/repository/commons-net/commons-net/3.9.0/commons-net-3.9.0.jar:/home/ngochung1809/.m2/repository/org/brotli/dec/0.1.2/dec-0.1.2.jar:/home/ngochung1809/.m2/repository/com/shapesecurity/salvation2/3.0.1/salvation2-3.0.1.jar:/home/ngochung1809/.m2/repository/org/junit/jupiter/junit-jupiter-api/5.9.3/junit-jupiter-api-5.9.3.jar:/home/ngochung1809/.m2/repository/org/opentest4j/opentest4j/1.2.0/opentest4j-1.2.0.jar:/home/ngochung1809/.m2/repository/org/junit/platform/junit-platform-commons/1.9.3/junit-platform-commons-1.9.3.jar:/home/ngochung1809/.m2/repository/org/netbeans/modules/org-netbeans-insane/RELEASE180/org-netbeans-insane-RELEASE180.jar:/home/ngochung1809/.m2/repository/org/openjdk/jmh/jmh-core/1.36/jmh-core-1.36.jar:/home/ngochung1809/.m2/repository/net/sf/jopt-simple/jopt-simple/5.0.4/jopt-simple-5.0.4.jar:/home/ngochung1809/.m2/repository/org/apache/commons/commons-math3/3.2/commons-math3-3.2.jar:/home/ngochung1809/.m2/repository/org/openjdk/jmh/jmh-generator-annprocess/1.36/jmh-generator-annprocess-1.36.jar:/home/ngochung1809/.m2/repository/org/jenkins-ci/test-annotations/1.4/test-annotations-1.4.jar:/home/ngochung1809/.m2/repository/org/junit/jupiter/junit-jupiter/5.9.3/junit-jupiter-5.9.3.jar:/home/ngochung1809/.m2/repository/org/junit/jupiter/junit-jupiter-params/5.9.3/junit-jupiter-params-5.9.3.jar:/home/ngochung1809/.m2/repository/org/junit/jupiter/junit-jupiter-engine/5.9.3/junit-jupiter-engine-5.9.3.jar:/home/ngochung1809/.m2/repository/org/junit/vintage/junit-vintage-engine/5.9.3/junit-vintage-engine-5.9.3.jar:/home/ngochung1809/.m2/repository/org/junit/platform/junit-platform-engine/1.9.3/junit-platform-engine-1.9.3.jar:/home/ngochung1809/.m2/repository/org/apiguardian/apiguardian-api/1.1.2/apiguardian-api-1.1.2.jar:"/>
    <property name="sun.cpu.endian" value="little"/>
    <property name="mail.smtps.sendpartial" value="true"/>
    <property name="user.home" value="/home/ngochung1809"/>
    <property name="user.language" value="en"/>
    <property name="java.specification.vendor" value="Oracle Corporation"/>
    <property name="java.version.date" value="2023-01-17"/>
    <property name="java.home" value="/usr/lib/jvm/java-17-openjdk-amd64"/>
    <property name="surefire.forkNumber" value="1"/>
    <property name="file.separator" value="/"/>
    <property name="basedir" value="/home/ngochung1809/Downloads/jenkins-automation/project-cicd"/>
    <property name="java.vm.compressedOopsMode" value="32-bit"/>
    <property name="line.separator" value="&#10;"/>
    <property name="java.vm.specification.vendor" value="Oracle Corporation"/>
    <property name="java.specification.name" value="Java Platform API Specification"/>
    <property name="java.awt.headless" value="true"/>
    <property name="org.eclipse.jetty.server.Request.maxFormContentSize" value="-1"/>
    <property name="surefire.real.class.path" value="/home/ngochung1809/Downloads/jenkins-automation/project-cicd/target/surefire/surefirebooter-20230925123116529_3.jar"/>
    <property name="awt.useSystemAAFontSettings" value="on"/>
    <property name="sun.management.compiler" value="HotSpot 64-Bit Tiered Compilers"/>
    <property name="java.runtime.version" value="17.0.6+10-Debian-1"/>
    <property name="user.name" value="ngochung1809"/>
    <property name="path.separator" value=":"/>
    <property name="os.version" value="6.1.0-kali9-amd64"/>
    <property name="java.runtime.name" value="OpenJDK Runtime Environment"/>
    <property name="file.encoding" value="UTF-8"/>
    <property name="jnidispatch.path" value="/home/ngochung1809/.cache/JNA/temp/jna9214716599173712038.tmp"/>
    <property name="java.vm.name" value="OpenJDK 64-Bit Server VM"/>
    <property name="jna.platform.library.path" value="/usr/lib/x86_64-linux-gnu:/lib/x86_64-linux-gnu:/usr/lib64:/lib64:/usr/lib:/lib:/lib32:/usr/lib/oracle/19.6/client64/lib:/usr/lib/x86_64-linux-gnu/libfakeroot"/>
    <property name="mail.smtp.sendpartial" value="true"/>
    <property name="localRepository" value="/home/ngochung1809/.m2/repository"/>
    <property name="jna.loaded" value="true"/>
    <property name="java.vendor.url.bug" value="https://bugs.debian.org/openjdk-17"/>
    <property name="jetty.git.hash" value="68017dbd00236bb7e187330d7585a059610f661d"/>
    <property name="java.io.tmpdir" value="/home/ngochung1809/Downloads/jenkins-automation/project-cicd/target/tmp"/>
    <property name="java.version" value="17.0.6"/>
    <property name="user.dir" value="/home/ngochung1809/Downloads/jenkins-automation/project-cicd"/>
    <property name="os.arch" value="amd64"/>
    <property name="jenkins.model.Jenkins.SHOW_STACK_TRACE" value="true"/>
    <property name="java.vm.specification.name" value="Java Virtual Machine Specification"/>
    <property name="native.encoding" value="UTF-8"/>
    <property name="java.library.path" value="/usr/java/packages/lib:/usr/lib/x86_64-linux-gnu/jni:/lib/x86_64-linux-gnu:/usr/lib/x86_64-linux-gnu:/usr/lib/jni:/lib:/usr/lib"/>
    <property name="java.vm.info" value="mixed mode, emulated-client"/>
    <property name="java.vendor" value="Debian"/>
    <property name="java.vm.version" value="17.0.6+10-Debian-1"/>
    <property name="sun.io.unicode.encoding" value="UnicodeLittle"/>
    <property name="java.class.version" value="61.0"/>
  </properties>
  <testcase name="testCliSanity" classname="InjectedTest" time="0.009">
    <system-out><![CDATA[Running tests for org.jenkins-ci.plugins:cicd:999999-SNAPSHOT
]]></system-out>
    <system-err><![CDATA[Sep 25, 2023 12:31:17 PM org.jvnet.hudson.test.WarExploder explode
INFO: Exploding /home/ngochung1809/.m2/repository/org/jenkins-ci/main/jenkins-war/2.361.4/jenkins-war-2.361.4.war into /home/ngochung1809/Downloads/jenkins-automation/project-cicd/target/jenkins-for-test
Sep 25, 2023 12:31:18 PM org.eclipse.jetty.server.handler.ContextHandler setContextPath
WARNING: Empty contextPath
Sep 25, 2023 12:31:18 PM org.eclipse.jetty.server.Server doStart
INFO: jetty-10.0.15; built: 2023-04-11T17:25:14.480Z; git: 68017dbd00236bb7e187330d7585a059610f661d; jvm 17.0.6+10-Debian-1
Sep 25, 2023 12:31:18 PM org.eclipse.jetty.webapp.StandardDescriptorProcessor visitServlet
INFO: NO JSP Support for /, did not find org.eclipse.jetty.jsp.JettyJspServlet
Sep 25, 2023 12:31:18 PM org.eclipse.jetty.server.session.DefaultSessionIdManager doStart
INFO: Session workerName=node0
Sep 25, 2023 12:31:19 PM org.eclipse.jetty.server.handler.ContextHandler doStart
INFO: Started o.e.j.w.WebAppContext@5f172d4a{Jenkins v2.361.4,/,file:///home/ngochung1809/Downloads/jenkins-automation/project-cicd/target/jenkins-for-test/,AVAILABLE}{/home/ngochung1809/Downloads/jenkins-automation/project-cicd/target/jenkins-for-test}
Sep 25, 2023 12:31:19 PM org.eclipse.jetty.server.AbstractConnector doStart
INFO: Started ServerConnector@455824ad{HTTP/1.1, (http/1.1)}{localhost:44369}
Sep 25, 2023 12:31:19 PM org.eclipse.jetty.server.Server doStart
INFO: Started Server@71f96dfb{STARTING}[10.0.15,sto=0] @2428ms
Sep 25, 2023 12:31:19 PM jenkins.InitReactorRunner$1 onAttained
INFO: Started initialization
Sep 25, 2023 12:31:19 PM hudson.PluginManager considerDetachedPlugin
INFO: Loading a detached plugin as a dependency: /tmp/jenkins16953523259312330446/plugins/javax-mail-api.jpi
Sep 25, 2023 12:31:19 PM hudson.PluginManager considerDetachedPlugin
INFO: Loading a detached plugin as a dependency: /tmp/jenkins16953523259312330446/plugins/matrix-auth.jpi
Sep 25, 2023 12:31:19 PM hudson.PluginManager considerDetachedPlugin
INFO: Loading a detached plugin as a dependency: /tmp/jenkins16953523259312330446/plugins/sshd.jpi
Sep 25, 2023 12:31:19 PM hudson.PluginManager considerDetachedPlugin
INFO: Loading a detached plugin as a dependency: /tmp/jenkins16953523259312330446/plugins/windows-slaves.jpi
Sep 25, 2023 12:31:19 PM hudson.PluginManager considerDetachedPlugin
INFO: Loading a detached plugin as a dependency: /tmp/jenkins16953523259312330446/plugins/antisamy-markup-formatter.jpi
Sep 25, 2023 12:31:19 PM hudson.PluginManager considerDetachedPlugin
INFO: Loading a detached plugin as a dependency: /tmp/jenkins16953523259312330446/plugins/command-launcher.jpi
Sep 25, 2023 12:31:19 PM hudson.PluginManager considerDetachedPlugin
INFO: Loading a detached plugin as a dependency: /tmp/jenkins16953523259312330446/plugins/jdk-tool.jpi
Sep 25, 2023 12:31:20 PM jenkins.InitReactorRunner$1 onAttained
INFO: Listed all plugins
Sep 25, 2023 12:31:20 PM jenkins.bouncycastle.api.BouncyCastlePlugin start
INFO: /home/ngochung1809/Downloads/jenkins-automation/project-cicd/target/tmp/j h13028458439106177235/plugins/bouncycastle-api/WEB-INF/optional-lib not found; for non RealJenkinsRule this is fine and can be ignored.
Sep 25, 2023 12:31:21 PM jenkins.InitReactorRunner$1 onAttained
INFO: Prepared all plugins
Sep 25, 2023 12:31:21 PM jenkins.InitReactorRunner$1 onAttained
INFO: Started all plugins
Sep 25, 2023 12:31:21 PM jenkins.InitReactorRunner$1 onAttained
INFO: Augmented all extensions
Sep 25, 2023 12:31:21 PM jenkins.InitReactorRunner$1 onAttained
INFO: System config loaded
Sep 25, 2023 12:31:21 PM jenkins.InitReactorRunner$1 onAttained
INFO: System config adapted
Sep 25, 2023 12:31:21 PM jenkins.InitReactorRunner$1 onAttained
INFO: Loaded all jobs
Sep 25, 2023 12:31:21 PM jenkins.InitReactorRunner$1 onAttained
INFO: Configuration for all jobs updated
Sep 25, 2023 12:31:21 PM jenkins.InitReactorRunner$1 onAttained
INFO: Completed initialization
Sep 25, 2023 12:31:22 PM org.eclipse.jetty.server.Server doStart
INFO: jetty-10.0.15; built: 2023-04-11T17:25:14.480Z; git: 68017dbd00236bb7e187330d7585a059610f661d; jvm 17.0.6+10-Debian-1
Sep 25, 2023 12:31:22 PM org.eclipse.jetty.server.session.DefaultSessionIdManager doStart
INFO: Session workerName=node0
Sep 25, 2023 12:31:22 PM org.eclipse.jetty.server.handler.ContextHandler doStart
INFO: Started o.e.j.s.ServletContextHandler@56dd6efa{/,null,AVAILABLE}
Sep 25, 2023 12:31:22 PM org.eclipse.jetty.server.AbstractConnector doStart
INFO: Started ServerConnector@d2e6b0b{HTTP/1.1, (http/1.1)}{0.0.0.0:43379}
Sep 25, 2023 12:31:22 PM org.eclipse.jetty.server.Server doStart
INFO: Started Server@228bda54{STARTING}[10.0.15,sto=0] @5482ms
]]></system-err>
  </testcase>
  <testcase name="testPluginActive" classname="InjectedTest" time="0.0"/>
  <testcase name="" classname="org.jvnet.hudson.test.junit.FailedTest" time="0.001">
    <system-err><![CDATA[Sep 25, 2023 12:31:22 PM org.eclipse.jetty.server.Server doStop
INFO: Stopped Server@71f96dfb{STOPPING}[10.0.15,sto=0]
Sep 25, 2023 12:31:22 PM org.eclipse.jetty.server.AbstractConnector doStop
INFO: Stopped ServerConnector@455824ad{HTTP/1.1, (http/1.1)}{localhost:0}
Sep 25, 2023 12:31:22 PM org.eclipse.jetty.server.handler.ContextHandler doStop
INFO: Stopped o.e.j.w.WebAppContext@5f172d4a{Jenkins v2.361.4,/,file:///home/ngochung1809/Downloads/jenkins-automation/project-cicd/target/jenkins-for-test/,STOPPED}{/home/ngochung1809/Downloads/jenkins-automation/project-cicd/target/jenkins-for-test}
Sep 25, 2023 12:31:22 PM hudson.lifecycle.Lifecycle onStatusUpdate
INFO: Stopping Jenkins
Sep 25, 2023 12:31:22 PM hudson.lifecycle.Lifecycle onStatusUpdate
INFO: Jenkins stopped
Sep 25, 2023 12:31:22 PM org.jvnet.hudson.test.TemporaryDirectoryAllocator dispose
INFO: deleting /home/ngochung1809/Downloads/jenkins-automation/project-cicd/target/tmp/j h13028458439106177235
]]></system-err>
  </testcase>
</testsuite>